<?xml version="1.0" encoding="UTF-8"?>
<testng-results skipped="0" failed="0" ignored="0" total="1" passed="1">
  <reporter-output>
  </reporter-output>
  <suite name="Default suite" duration-ms="3392" started-at="2023-05-26T14:54:03Z" finished-at="2023-05-26T14:54:06Z">
    <groups>
    </groups>
    <test name="Default test" duration-ms="3392" started-at="2023-05-26T14:54:03Z" finished-at="2023-05-26T14:54:06Z">
      <class name="org.rest.Https_method">
        <test-method status="PASS" signature="methodOne()[pri:0, instance:org.rest.Https_method@58651fd0]" name="methodOne" duration-ms="3364" started-at="2023-05-26T20:24:03Z" finished-at="2023-05-26T20:24:06Z">
          <reporter-output>
          </reporter-output>
        </test-method> <!-- methodOne -->
      </class> <!-- org.rest.Https_method -->
    </test> <!-- Default test -->
  </suite> <!-- Default suite -->
</testng-results>
